Case #1: 15 25
Case #2: 0 0
Case #3: 81 567
Case #4: 181 244
Case #5: 0 0
Case #6: 500 500
Case #7: 100 900
Case #8: 81 205
Case #9: 147 224
Case #10: 118 259
Case #11: 133 395
Case #12: 66 178
Case #13: 114 489
Case #14: 178 487
Case #15: 185 453
Case #16: 171 460
Case #17: 150 396
Case #18: 147 401
Case #19: 192 582
Case #20: 156 476
Case #21: 194 406
Case #22: 173 334
Case #23: 178 336
Case #24: 156 420
Case #25: 140 354
Case #26: 106 442
Case #27: 87 213
Case #28: 215 525
Case #29: 113 362
Case #30: 189 491
Case #31: 90 209
Case #32: 151 372
Case #33: 159 349
Case #34: 134 317
Case #35: 166 338
Case #36: 248 427
Case #37: 160 333
Case #38: 196 384
Case #39: 157 338
Case #40: 134 388
Case #41: 127 284
Case #42: 128 270
Case #43: 158 343
Case #44: 92 341
Case #45: 149 367
Case #46: 91 315
Case #47: 173 341
Case #48: 190 337
Case #49: 85 307
Case #50: 192 407
Case #51: 137 308
Case #52: 147 362
Case #53: 102 275
Case #54: 169 498
Case #55: 151 305
Case #56: 88 151
Case #57: 170 454
Case #58: 180 317
Case #59: 123 388
Case #60: 142 312
Case #61: 174 338
Case #62: 134 291
Case #63: 121 341
Case #64: 174 311
Case #65: 157 388
Case #66: 131 488
Case #67: 175 460
Case #68: 152 462
Case #69: 266 570
Case #70: 140 517
Case #71: 201 444
Case #72: 134 452
Case #73: 135 424
Case #74: 123 277
Case #75: 163 366
Case #76: 109 417
Case #77: 146 417
Case #78: 126 293
Case #79: 168 440
Case #80: 161 359
Case #81: 118 306
Case #82: 125 350
Case #83: 104 265
Case #84: 187 433
Case #85: 181 529
Case #86: 137 388
Case #87: 163 502
Case #88: 164 293
Case #89: 128 357
Case #90: 156 429
Case #91: 93 584
Case #92: 217 408
Case #93: 183 439
Case #94: 188 373
Case #95: 151 408
Case #96: 149 339
Case #97: 140 234
Case #98: 148 520
Case #99: 153 491
Case #100: 181 415
