Case #1:
0
0
0
0
1
Case #2:
3
0
0
1
0
1
2
2
0
0
0
1
1
Case #3:
0
0
0
0
0
0
0
0
0
0
0
0
0
Case #4:
4
0
0
0
1
1
0
1
0
0
2
4
0
3
2
Case #5:
0
0
0
Case #6:
1
0
0
0
2
3
1
5
2
0
0
1
0
1
1
Case #7:
0
0
0
0
0
0
0
Case #8:
4
0
3
2
3
0
0
3
0
0
0
1
0
0
0
Case #9:
0
0
0
0
0
Case #10:
0
0
0
0
0
0
0
Case #11:
0
0
0
0
Case #12:
0
0
0
0
0
4
0
2
1
1
0
1
1
5
1
Case #13:
0
0
0
0
3
0
2
0
4
2
1
0
Case #14:
0
0
0
0
0
0
Case #15:
1
0
0
1
0
0
0
Case #16:
0
0
0
2
1
0
0
0
0
Case #17:
0
0
0
0
0
0
0
0
0
0
0
0
0
Case #18:
0
1
0
0
0
0
0
0
Case #19:
1
2
2
3
2
2
0
0
1
1
0
4
3
0
0
Case #20:
2
0
1
3
0
2
0
1
0
1
0
1
Case #21:
0
0
0
0
1
Case #22:
2
1
0
0
1
3
2
2
2
0
1
1
4
0
0
Case #23:
0
0
1
0
1
2
0
0
1
Case #24:
0
0
3
2
0
1
2
0
0
2
1
1
2
3
1
Case #25:
2
0
0
1
0
1
3
1
0
0
0
1
2
1
3
Case #26:
0
0
1
0
0
0
0
0
0
0
1
Case #27:
0
1
0
0
2
0
2
0
1
0
0
Case #28:
0
2
0
3
0
0
1
1
0
2
0
Case #29:
3
0
0
2
0
0
1
0
0
0
2
Case #30:
2
0
0
0
0
0
0
0
Case #31:
2
5
1
3
1
0
0
5
0
0
0
3
0
2
1
Case #32:
0
0
0
1
0
0
Case #33:
1
1
0
0
0
2
1
1
3
0
0
0
0
3
3
Case #34:
0
0
0
1
0
0
0
Case #35:
0
0
0
Case #36:
0
0
0
0
Case #37:
0
0
0
0
0
0
Case #38:
0
0
0
0
0
0
0
0
0
Case #39:
0
0
0
0
0
0
0
Case #40:
0
0
0
1
0
0
0
Case #41:
0
0
0
0
0
0
0
0
Case #42:
0
0
1
0
0
0
1
0
Case #43:
0
4
0
0
2
0
1
1
4
3
1
0
1
2
0
Case #44:
1
2
4
3
0
1
0
0
0
0
0
3
0
1
2
Case #45:
0
0
0
0
0
2
0
Case #46:
0
1
2
0
2
2
0
3
0
0
6
0
0
2
2
Case #47:
0
0
0
0
0
0
0
1
0
Case #48:
0
0
0
2
0
2
0
0
0
0
1
Case #49:
0
0
1
0
Case #50:
4
0
0
0
0
0
0
1
1
0
1
0
0
2
1
Case #51:
1
1
3
1
4
0
0
0
1
3
0
0
3
0
2
Case #52:
0
1
0
0
0
Case #53:
0
0
0
0
1
2
0
Case #54:
0
1
2
0
0
4
0
2
1
2
0
2
1
1
0
Case #55:
1
0
0
0
0
Case #56:
0
0
0
1
0
0
0
2
Case #57:
0
0
3
0
2
1
1
0
4
0
2
0
1
1
0
Case #58:
0
1
1
5
3
0
2
1
2
2
0
0
0
3
0
Case #59:
0
1
0
0
0
Case #60:
0
0
0
1
0
2
0
Case #61:
0
0
3
2
0
0
0
0
0
0
Case #62:
0
0
0
0
0
0
0
Case #63:
0
1
0
0
0
0
2
0
0
0
Case #64:
0
0
0
0
0
0
0
0
0
Case #65:
0
Case #66:
2
0
1
1
0
0
3
0
0
1
0
0
0
3
2
Case #67:
2
0
0
0
0
2
0
0
2
Case #68:
1
0
1
2
0
1
0
0
2
2
1
1
Case #69:
0
0
0
0
0
0
0
0
0
0
0
0
Case #70:
0
2
1
0
2
3
0
4
0
4
1
0
0
2
0
Case #71:
2
3
3
0
1
0
0
0
2
4
2
0
0
0
0
Case #72:
0
0
1
0
0
0
0
Case #73:
0
1
0
3
2
1
0
1
1
0
1
2
Case #74:
0
0
0
0
0
Case #75:
0
0
0
0
0
0
0
0
0
0
Case #76:
0
Case #77:
3
0
3
1
0
1
4
0
0
0
2
1
3
0
0
Case #78:
0
0
0
1
1
0
0
0
2
Case #79:
0
0
0
Case #80:
2
1
2
0
0
0
0
0
1
1
0
0
0
0
Case #81:
0
0
0
0
1
1
0
3
0
0
0
2
0
Case #82:
0
Case #83:
0
0
0
1
Case #84:
0
1
3
1
0
0
0
0
4
2
0
0
1
3
0
Case #85:
0
4
0
0
0
0
0
0
0
0
1
0
2
Case #86:
0
0
0
0
0
0
0
0
0
0
0
Case #87:
0
0
0
0
0
0
1
Case #88:
0
0
Case #89:
0
0
0
0
0
2
2
0
0
0
0
0
Case #90:
0
Case #91:
0
0
1
0
0
Case #92:
0
0
0
0
0
Case #93:
0
0
0
1
0
0
0
Case #94:
0
2
0
0
2
0
0
2
4
0
0
1
2
0
Case #95:
0
0
0
0
0
0
0
Case #96:
0
0
0
0
0
0
0
0
0
0
0
Case #97:
4
0
1
0
1
5
0
0
0
0
0
2
0
3
2
Case #98:
0
Case #99:
5
1
3
1
2
0
1
1
0
0
0
4
0
1
3
Case #100:
0
1
0
0
0
