Case #1: 0 0 0 0 0 0 0 0 0 0 0 0 0 0 0 0 0 0 0 0 0 0 0 0 0 0 0 0 0 0 0 0 0 0 1 0 0 0 0 0 0 0 0 0 0 0 0 0 0 0 0 0 0 0 0 0 0 1 0 0 0 0 0 0 0 0 0 0 0 0 0 0 0 0 0 0 0 0 0 0 0 0 0 0 0 0 0 0 0 0 0 0 0 0 0 0 0 1 0 0 0 0 0 0 0 0 0 0 0 0 0 0 0 0 0 0 0 0 0 0 0 0 0 0 0 0 0 0 0 0 0 0 0 1 0 0 0 0 0 1 0 0 0 0 0 0 0 0 0 0 0 0 0 0 0 0 0 0 0 0 0 0 0 0 0 0 0 0 0 0 0 0 0 0 0 0 0 0 0 0 0 0 0 0 0 0 0 0 0 0 0 0 0 0 0 0 0 0 0 0 0 0 0 0 0 0 0 0 0 0 0 0 1 0 0 0 0 0 0 0 0 0 0 0 0 0 0 0 0 1 0 0 0 0 0 0 0 0 0 0 0 0 0 0 0 0 0 0 0 0 0 0 0 0 0 0 0 0 0 0 0 0 0 0 0 0 0 0 0 0 0 0 0 0 0 0 0 0 0 0 0 0 0 0 0 0 0 0 0 0 0 0 0 0 0 0 0 0 1 0 0 0 0 0 0 0 0 0 0 0 0 0 0 0 0 0 0 0 0 0 0 0 0 0 0 0 0 0 0 0 0 1 0 0 0 0 0 0 0 0 0 0 0 0 0 0 0 0 0 0 1 0 0 0 0 0 0 0 0 0 0 0 0 0 0 1 0 0 0 0 0 0 0 0 0 0 0 1 0 0 0 1 0 0 0 0 0 0 0 0 0 0 0 0 0 0 0 0 0 0 0 0 0 0 0 0 0 0 0 0 0 0 0 0 0 0 0 0 0 0 0 0 0 0 0 0 0 0 0 0 0 0 0 0 0 0 0 0 0 0 0 0 0 0 0 0 0 0 0 1 0 0 0 0 0 0 0 0 0 0 0 0 0 0 0 0 0 0 0 0 0 0 0 0 0 0 0 0 1 0 0 0 0 0 0 0 0 0 0 0 0 0 0 0 0 0 1 0 0 0 0 0 0 0 0 0 0 0 0 0 0 0 0 1 1 0 0 0 0 0 0 0 0 0 0 0 0 0 0 0 0 0 0 0 1 0 0 0 0 0 0 0 0 0 0 0 0 0 0 0 0 0 0 0 0 0 0 0 0 0 0 0 0 0 0 0 0 0 0 0 0 0 0 0 0 1 0 0 0 0 0 0 0 0 0 0 0 0 0 0 0 0 0 0 0 0 0 0 0 0 0 0 0 0 0 0 0 0 0 0 0 0 0 0 0 0 0 0 0 0 0 0 0 0 0 0 0 0 0 0 0 0 0 0 0 0 0 0 0 0 0 0 0 0 0 0 0 0 0 0 0 0 0 0 0 0 0 0 0 0 1 0 0 0 0 0 0 0 0 0 0 0 0 0 0 0 0 0 0 0 0 0 0 0 0 0 0 0 0 0 0 0 0 0 0 0 0 0 0 0 0 0 0 0 0 0 0 0 0 0 0 0 0 0 0 0 0 0 0 0 0 0 0 0 0 0 0 0 0 0 0 0 0 0 0 0 0 0 0 0 0 0 0 0 0 0 0 0 0 0 0 0 0 0 0 0 0 0 0 0 0 0 0 0 0 0 0 0 0 0 0 0 0 0 0 0 0 0 0 0 0 0 0 0 0 0 0 1 0 0 0 0 0 0 0 0 0 0 0 0 0 0 0 0 0 0 0 0 0 0 0 0 0 0 0 0 0 0 0 0 0 0 0 0 1 0 0 0 0 0 0 0 0 0 0 0 0 0 0 0 0 0 0 0 0 0 0 0 0 0 0 0 0 0 0 0 0 0 0 0 0 0 0 0 0 0 0 0 0 0 0 0 1 0 0 0 0 0 0 0 0 0 0 0 0 0 0 0 0 0 0 0 0 0 0 0 0 0 0 0 0 0 0 0 0 0 0 0 0 0 0 0 0 0 0 0 0 0 0 0 0 0 0 0 0 0 0 0 0 0 0 0 0 0 0 0 0 0 0 0 0 0 0 0 0 0 0 0 0 0 0 0 0 0 0 0 0 0 0 0 0 0 0 0 0 0 0 0 0 0 0 1 0 0 0 0 0 0 0 0 0 0 0 0 0 0 0 0 0 0 0 0 0 0 0 0 0 0 0 0 0 0 0 0 0 0 0 0 0 0 0 0 0 0 0 0 0 0 0 0 0 0 0 0 0 0 0 0 0 0 0 0 0 0 0 0 0 0 0 0 0 0 0 0 0 0 0 0 0 0 0 0 0 0 0 0 0 0 0 0 0 0 0 0 0 0 0 0 0 0 0 0 0 0 0 0 0 0 0 0 0 0 0 0 0 0 0 0 0 0 0 0 0 0 0 0 0 0 0 0 0 0 0 0 0 0 1 0 0 0 0 0 0 0 0 0 0 0 0 0 0 0 0 0 0 0 0 0 0 0 0 0 0 0 0 0 0 0 0 0 0 0 0 0 0 0 0 0 0 0 0 0 0 0 0 0 0 0 0 0 0 0 0 0 0 0 0 0 0 0 0 0 1 0 0 0 0 0 0 0 0 0 0 0 0 0 0 0 0 0 0 0 0 0 0 0 0 0 0 0 0 0 0 0 0 1 0 0 0 0 0 0 0 0 0 0 0 0 0 0 0 0 0 0 1 0 0 0 0 0 0 0 0 0 0 0 0 0 0 0 0 0 0 0 0 0 0 0 0 0 0 0 0 0 0 0 0 0 0 0 0 0 0 0 0 1 0 0 0 0 0 0 0 0 0 0 0 0 0 0 0 1 0 0 0 0 0 0 0 0 0 0 0 0 0 0 0 0 0 0 0 0 0 0 0 0 0 0 0 0 0 0 0 0 0 0 0 0 0 0 0 0 0 0 0 0 0 0 0 0 0 0 0 0 0 0 0 0 0 0 0 0 0 0 0 0 0 1 0 0 0 0 0 0 0 0 0 0 0 0 0 0 1 0 0 0 0 0 0 0 0 0 0 0 0 0 0 0 0 0 0 0 1 0 0 0 0 0 0 0 0 0 0 0 0 0 0 0 0 0 0 0 0 0 0 0 0 0 0 0 0 0 0 0 0 0 0 0 0 0 0 0 0 0 0 0 0 0 0 0 0 0 0 0 0 0 0 0 0 0 0 0 0 0 0 0 0 0 0 0 0 0 0 0 0 0 0 0 0 0 0 0 0 0 0 0 0 0 0 0 0 0 0 0 0 0 0 0 0 1 0 0 0 0 0 0 0 0 0 0 0 0 0 0 0 0 0 0 0 0 0 0 0 0 0 0 0 0 0 0 0 0 0 0 0 0 0 0 0 0 0 0 0 0 0 0 0 0 0 0 0 0 0 0 0 0 0 0 0 0 0 0 0 0 0 0 0 0 0 0 0 0 0 0 0 0 0 0 0 0 0 0 0 0 0 0 0 0 0 0 0 0 0 0 0 0 0
Case #2: 1 1 1 1 1 1 1 1 1 1 1 1 1 1 1 1 1 1 1 1 1 1 1 1 1 1 1 1 1 1 1 1 1 1 1 1 1 1 1 1
Case #3: 0 0 0 0 0 1 0 0 0 0 0 0 1 0 0 0 0 0 0 0 0 0 0 0 0 0 0 0 1 0 0 0 0 0 0 1 0 0 1 1 0 0 0 1 0 0 1 0 0 0 1 0 1 0 0 1 0 0 0 0 0 0 1 0 0 0 0 1 0 0 1 0 0 0 0 1 0 0 0 0 1 0 0 0 1 1 0 1 0 1 0 0 0 0 0 0 0 1 1 0 0 0 1 0 0 1 1 0 0 0 0 0 0 0 1 0 1 0 1 0 0 1 0 0 0 0 1 0 1 0 0 0 0 0 0 1 1 0 0 0 0 0 0 0 0 0 0 1 1 1 0 0 1 0 0 0 0 0 1 0 0 0 0 0 0 0 0 0 0 0 0 0 0 1 0 0 0 0 0 1 0 0 0 0 0 1 0 1 1 0 0 0 0 0 1 0 0 0 0 0 1 1 0 0 0 0 1 0 1 1 0 0 0 0 0 1 1 0 0 0 1 1 0 0 0 0 0 0 0 0 0 0 0 0 0 0 0 0 0 0 0 0 0 0 0 0 1 0 0 0 0 0 1 0 0 0 0 0 0 0 1 1 0 0 0 1 0 0 0 1 0 1 0 0 0 0 0 0 0 0 0 0 0 0 0 0 0 0 0 1 1 0 0 0 0 0 0 1 0 0 0 0 0 0 0 0 0 0 0 0 0 0 1 0 0 1 0 1 0 0 0 0 0 0 0 0 0 0 0 0 0 0 0 0 0 0 0 0 0 0 0 0 0 1 0 0 0 0 0 0 0 0 0 0 0 0 0 1 0 0 0 0 0 0 0 0 0 0 0 0 0 1 0 0 0 0 0 0 0 0 1 0 0 0 0 0 0 0 0 0 0 0 0 0 0 0 0 0 0 0 0 0 0 0 0 1 1 0 0 0 0 0 0 0 0 0 0 0 0 0 0 0 0 0 0 0 0 0 0 0 0 1 0 0 0 0 0 0 1 0 0 0 1 0 0 0 0 0 0 0 0 0 0 0 1 0 0 1 1 1 0 0 0 0 0 0 0 0 0 0 0 0 0 0 0 0 0 0 1 0 0 0 0 1 0 0 0 0 0 1 1 0 0 1 0 0 1 0 0 0 0 0 0 1 0 0 0 0 0 0 1 0 0 1 0 0 0 0 0 0 1 1 0 0 0 0 0 0 0 0 1 0 0 0 0 0 0 0 0 1 0 0 0 0 1 0 1 1 0 0 0 0 1 0 0 0 0 1 1 0 0 0 0 1 0 0 0 0 0 0 0 1 0 1 0 1 0 0 0 0 0 1 0 1 0 0 0 0 1 0 0 0 0 0 0 0 0 0 0 0 1 0 0 0 0 0 0 0 0 0 0 0 0 0 0 0 0 0 0 0 0 0 1 0 0 0 0 0 0 0 1 0 0 0 0 0 0 0 0 0 0 0 1 1 0 0 0 1 0 0 0 0 0 1 0 0 0 0 0 0 0 0 0 0 0 0 0 0 0 1 0 1 0 0 1 1 1 0 0 1 0 0 0 0 0 1 0 0 1 1 0 0 0 0 0 0 0 0 0 0 0 0 0 0 1 0 1 0 0 0 0 1 1 0 0 0 0 0 0 0 0 1 0 0 0 0 1 0 0 0 1 1 1 0 0 0 0 0 0 1 0 0 0 0 0 0 0 1 0 0 0 0 0 0 0 0 0 0 0 0 0 1 1 0 0 1 0 0 0 0 0 1 0 0 0 0 1 1 1 0 0 0 0 0 0 1 0 1 0 1 1 0 0 0 0 1 0 0 0 0 0 0 0 1 1 0 0 1 0 0 0 0 0 0 0 0 0 0 0 0 0 0 0 0 0 0 0 0 0 0 0 0 0 1 0 0 1 0 0 0 0 0 0 0 1 0 1 1 0 0 0 0 0 1 0 0 0 0 1 0 0 0 0 0 0 0 0 0 0 1 0 0 0 0 0 0 0 0 0 1 0 0 0 0 0 0 0 0 1 0 0 0 0 0 0 0 0 0 0 0 1 0 0 0 0 0 0 0 0 1 0 0 0 0 0 0 0 0 0 1 0 0 0 1 1 0 0 1 1 0 0 0 0 0 0 1 0 0 0 0 0 0 0 0 0 0 0 0 0 1 0 0 0 0 0 0 0 0 0 0 0 0 1 0 0 0 0 0 1 0 0 0 0 0 0 0 0 1 0 0 1 0 0 0 0 0 0 1 0 0 0 1 0 0 0 0 1 0 1 0 0 1 0 0 1 0 0 0 0 0 0 0 0 0 0 0 0 0 0 0 0 0 0 0 0 0 0 0 0 0 0 0 0 0 0 0 0 0 0 1 0 0 0 0 0 0 0 0 0 0 0 0 0 0 0 0 0 0 0 0 0 1 0 0 0 0 0 0 0 0 0 0 0 0 1 0 0 1 0 0 0 0 0 0 0 1 0 1 0 0 1 1 0 0 1 0 0 0 0 0 0 0 1 0 0 0 0 0 0 0 0 0 0 0 0 0 0 0 0 0 1 0 0 1 0 0 0 1 0 1 0 0 0 0 0 0 1 1 1 0 0 0 1 0 0 0 0 0 0 0 0 1 0 0 0 0 0 1 0 0 0 0 1 1 1 0 0 0 0 0 0 0 0 1 0 0 0 1 0 0 1 0 1 0 0 0 0 0 0 0 0 0 0 0 0 0 0 0 1 1 0 0 0 0 0 1 1 1 1 0 0 0 1 0 0 0 1 1 0 0 1 0 0 0 1 0 0 0 0 0 1 0 0 0 0 0 0 0 0 0 0 0 0 1 1 0 1 0 0 0 0 0 0 1 1 1 0 1 0 0 0 1 0 0 0 0 0 1 0 0 0 0 0 0 0 0 0 0 0 0 1 0 1 0 0 0 0 0 0 0 0 0 0 0 0 0 0 0 0 0 1 1 0 0 0 1 0 0 1 0 0 0 0 0 0 0 0 0 0 0 0 0 0 0 0
Case #4: 0 1 1 0 0 0 0 1 0 0 0 0 0 0 0 0 1 0 1 0 0 0 0 0 1 0 0 0 0 1 0 0 1 0 1 0 0 0 0 0 0 0 0 0 1 0 0 1 0 1 0 0 1 0 0 0 1 0 0 0 0 0 0 0 1 0 1 0 1 0 0 0 1 0 1 1 1 0 1 0 0 1 1 0 0 0 0 0 1 0 0 1 1 0 1 0 0 0 1 0 0 1 0 1 1 0 1 0 1 1 1 0 0 0 0 1 0 0 0 0 1 0 0 0 0 1 0 0 0 1 0 0 0 1 0 1 0 0 1 0 0 0 0 0 1 0 0 1 0 0 1 0 0 0 0 0 0 0 0 0 0 1 0 1 1 0 0 0 0 0 0 0 0 0 1 0 0 1 0 0 0 1 0 0 1 0 0 0 0 0 0 0 1 0 1 1 1 0 0 0 0 0 1 1 1 0 0 1 0 0 0 0 0 0 0 0 1 0 0 1 0 0 1 0 0 0 0 0 1 1 0 0 0 1 0 1 1 0 0 1 0 0 0 0 1 0 0 0 1 0 0 1 1 0 1 1 0 1 0 0 0 0 0 1 0 0 0 0 0 0 0 0 0 1 0 0 0 0 0 0 0 1 0 0 0 0 1 0 1 0 0 0 0 0 0 1 0 0 1 0 0 1 0 1 0 1 0 0 0 0 0 0 0 0 0 1 0 0 1 0 1 0 0 1 1 0 0 0 0 1 1 0 1 0 0 0 1 1 1 0 0 0 0 0 0 1 0 0 0 1 1 1 0 0 1 0 0 1 0 1 0 1 0 0 1 0 0 0 0 1 1 1 1 0 0 1 0 0 0 0 1 0 0 1 0 1 0 0 0 0 1 0 0 1 0 0 0 0 0 0 0 0 1 0 0 1 0 1 0 0 0 1 0 0 0 0 0 0 0 1 0 0 1 0 1 1 0 1 0 0 1 0 0 0 0 1 0 0 1 0 0 0 0 1 0 0 0 0 1 1 0 0 0 0 0 1 1 0 0 0 0 0 0 1 1 1 1 0 0 0 0 0 0 0 0 0 0 0 0 0 0 0 0 1 0 0 0 1 1 0 0 1 1 0 0 0 0 1 0 1 1 0 0 0 0 0 0 1 0 1 1 1 0 0 1 0 1 1 1 0 0 0 0 0 1 0 0 0 0 0 1 0 0 0 1 0 0 1 0 0 1 0 0 1 0 0 1 0 0 0 0 0 0 0 0 1 0 0 0 0 1 0 1 0 0 0 1 0 0 0 0 0 0 0 0 0 0 0 0 0 1 0 1 0 0 0 1 1 1 0 1 1 0 1 0 0 0 0 0 1 1 0 0 0 0 0 0 0 1 0 0 0 0 0 0 0 0 0 1 1 0 0 0 0 0 0 0 0 0 0 0 1 0 0 0 0 0 1 0 0 0 0 0 0 0 0 0 0 1 0 0 0 0 0 0 0 0 0 0 0 0 0 0 0 0 0 0 0 0 0 0 1 1 0 0 0 0 0 0 0 0 1 0 0 0 0 0 0 1 0 0 0 0 0 0 1 0 0 1 0 0 0 0 0 0 1 0 0 0 0 0 1 0 0 1 0 0 1 0 1 0 0 1 0 0 0 0 0 1 0 0 1 0 0 1 0 0 0 0 0 0 1 1 0 1 0 0 0 0 0 1 0 0 0 1 0 0 0 0 1 1 0 1 0 0 1 0 0 1 0 0 1 1 1 0 0 0 0 1 0 1 0 0 0 1 0 1 0 0 0 1 0 0 0 1 1 1 0 0 0 0 0 0 0 1 0 0 0 0 0 0 0 1 0 0 0 1 0 0 0 0 1 0 0 0 0 0 1 1 0 0 1 1 0 0 0 0 0 0 0 0 0 0 0 0 0 0 0 0 0 0 1 0 0 0 0 0 0 0 0 0 0 1 0 0 0 1 0 0 0 0 0 0 0 0 0 0 0 0 0 0 0 0 0 0 0 0 0 0 0 0 0 1 0 0 0 0 0 0 0 0 0 1 1 1 0 1 0 0 0 0 0 0 0 0 0 0 0 1 0 1 0 0 0 0 1 0 0 0 1 0 0 0 0 0 0 0 0 0 0 0 0 0 0 0 0 0 0 1 0 1 0 1 1 0 1 0 0 0 1 0 0 0 1 0 1 0 0 0 0 1 0 0 0 0 0 0 0 1 0 0 0 0 0 0 0 0 0 0 0 1 1 1 1 1 0 0 0 1 0 0 0 0 0 0 0 0 1 0 0 0 0 1 0 0 0 1 1 1 1 1 0 0 1 0 0 0 0 0 0 0 1 0 0 0 0 0 1 1 0 1 0 0 0 0 0 0 0 0 0 0 0 0 0 0 0 1 0 1 1 0 0 1 1 1 0 0 1 0 0 1 0 1 0 1 0 0 0 0 1 0 0 0 1 0 1 0 1 0 0 0 0 1 0 0 0 0 0 0 0 0 1 0 0 0 0 1 0 0 0 0 1 1 1 0 0 0 1 1 0 0 1 0 0 1 0 1 1 0 0 1 1 0 1 0 0 1 0 0 0 0 1 1 0 0 0 1 0 0 1 0 1 0 0 0 0 0 0 0 0 0 0 1 0 0 0 0 1 0 0 0 0 1 0 0 0 0 0 1 0 0 0 1 0 0 0 0 0 1 0 0 0 0 0 1 0 0 0 0 0 0 0 0 0 0 0 0 0 1 0 0 0 0 0 1 0 0 0 1 0 1 0 0 0 0 1 1 1 0 0 0 1 0 1 0 1 1 1 0 0 0 0 0 0 0 1 0 0 0 1 1 0 0 0 0 0 1 0 0 0 1 0 0 1 0 0 0 0 0 0 0 0 0 0 0 0 1 0 0 0 1 1 0 1 0 1 0 0 1 1 0 0 0 0 0 0 0 0 0 1 1 0 0 0 0 1 1 0 0 0 0 1 1 0 0 0 0 0 0 0 0 1 1 1 0 0 0 0 0 1 0 0 1 0 1 1 0 0 1 0 1 1 1 0 0 0 0 1 0 0 1 1 0 0 0 1 1 1 1 0 1 0 0 0 1 1 1 0 0 0 0 1 0 0 0 1 0 1 1 0 1 1 0 1 0 0 0 1 0 0 0 0 0 0 1 0 1 0 0 0 0 0 0 1 0 0 0 0 1 0 0 0 0 0 0 1 1 0 0 1 0 1 0 0 0 0 0 1 1 0 0 0 0 1 0 0 0 0 0 0 1 0 0 0 1 0 0 0 0 0 0 0 0 0 0 0 0 0 0 0 1 1 0 0 0 1 0 0 0 0 0 0 1 0 0 0 1 1 1 0 1 0 0 0 0 0 0 1 0 0 0 0 1 0 0 0 0 1 0 0 1 0 0 0 0 1 0 0 0 0 1 0 1 0 1 0 0 1 0 0 1 0 0 1 0 0 0 1 1 1 1 0 0 1 0 1 0 1 0 0 1 0 0 0 0 0 1 0 1 0 0 0 0 0 0 0 0 1 0 0 1 0 1 0 0 0 1 0 0 0 0 0 1 1 0 0 0 1 1 0 0 0 1 0 1 0 0 1 0 0 1 0 0 0 0 0 0 0 0 0 1 1 0 0 0 0 0 1 0 0 0 0 0 1 0 0 0 0 0 0 1 1 0 0 0 0 0 1 0 0 0 0 0 0 0 0 0 0 0 0 0 0 1 0 0 0 0 0 1 0 0 1 1 1 0 1 0 0 1 1 1 0 0 1 0 0 1 1 0 1 0 0 0 1 0 0 1 0 0 0 1 0 0 0 0 0 1 0 0 1 1 0 0 0 1 0 0 0 0 0 1 0 0 0 1 0 1 0 1 0 1 0 0 1 1 0 0 0 0 0 0 0 0 1 1 0 0 1 1 1 1 1 1 1 1 1 0 0 0 0 0 1 1 0 1 0 0 1 1 1 0 0 0 1 0 0 0 0 0 0 1 0 0 0 0 0 0 0 1 1 0 0 0 0 0 0 0 0 1 1 0 1 1 1 1 0 0 1 1 1 0 1 0 1 0 0 0 1 0 0 1 1 0 1 0 0 0 0 0 0 0 0 0 0 0 0 0 1 0 0 0 0 0 0 0 0 0 1 0 0 1 1 0 1 1 0 0 1 1 0 0 0 0 0 0 1 1 1 1 0 0 0 0 0 0 0 0 0 0 1 0 1 0 0 0 0 0 0 1 0 0 1 0 0 0 0 0 0 0 0 0 0 0 0 1 0 0 1 0 0 1 0 0 0 0 0 1 0 0 0 0 0 1 0 0 0 1 0 0 1 1 0 1 0 0 0 0 1 1 0 1 1 0 0 0 1 1 0 0 0 1 0 0 0 0 0 1 0 0 1 0 0 1 0 1 1 0 1 0 0 0 0 0 0 0 1 0 0 1 0 0 0 0 0 1 0 0 1 0 0 0 0 0 0 0 0 0 1 1 0 0 0 0 0 0 1 1 0 0 0 0 1 0 0 0 0 0 1 1 0
Case #5: IMPOSSIBLE
         564329 function calls (564141 primitive calls) in 10.962 seconds

   Ordered by: internal time

   ncalls  tottime  percall  cumtime  percall filename:lineno(function)
   503346   10.589    0.000   10.793    0.000 {eval}
        5    0.241    0.048   11.068    2.214 B.py:58(solve)
        1    0.033    0.033   11.166   11.166 B.py:3(<module>)
     3156    0.023    0.000    0.023    0.000 {map}
     3155    0.016    0.000    0.026    0.000 B.py:19(make_formula)
        1    0.008    0.008    0.023    0.023 decimal.py:116(<module>)
     4008    0.007    0.000    0.007    0.000 {zip}
     7181    0.007    0.000    0.007    0.000 {range}
     7948    0.004    0.000    0.004    0.000 {method 'format' of 'str' objects}
        1    0.004    0.004    0.004    0.004 threading.py:1(<module>)
        1    0.003    0.003    0.003    0.003 hashlib.py:56(<module>)
     3166    0.003    0.000    0.003    0.000 {method 'readline' of 'file' objects}
        1    0.003    0.003    0.007    0.007 random.py:40(<module>)
     3166    0.003    0.000    0.007    0.000 B.py:16(next_line)
     3156    0.003    0.000    0.003    0.000 {method 'split' of 'str' objects}
        1    0.003    0.003    0.004    0.004 collections.py:1(<module>)
11609/11583    0.001    0.000    0.001    0.000 {len}
     3169    0.001    0.000    0.001    0.000 {method 'strip' of 'str' objects}
        1    0.001    0.001    0.001    0.001 heapq.py:31(<module>)
     3161    0.001    0.000    0.001    0.000 {method 'join' of 'str' objects}
      914    0.001    0.000    0.001    0.000 sre_parse.py:191(__next)
        1    0.001    0.001    0.002    0.002 numbers.py:6(<module>)
     33/6    0.001    0.000    0.003    0.000 sre_parse.py:388(_parse)
     3155    0.001    0.000    0.001    0.000 {method 'count' of 'list' objects}
        1    0.001    0.001    0.001    0.001 collections.py:288(namedtuple)
        1    0.001    0.001    0.001    0.001 {function seed at 0x100d2dc80}
     58/6    0.000    0.000    0.001    0.000 sre_compile.py:64(_compile)
      832    0.000    0.000    0.001    0.000 sre_parse.py:210(get)
        1    0.000    0.000    0.000    0.000 {posix.urandom}
    75/28    0.000    0.000    0.000    0.000 sre_parse.py:149(getwidth)
        1    0.000    0.000    0.000    0.000 decimal.py:505(Decimal)
        1    0.000    0.000    0.000    0.000 decimal.py:195(InvalidOperation)
      216    0.000    0.000    0.000    0.000 sre_parse.py:139(__getitem__)
        5    0.000    0.000    0.000    0.000 abc.py:86(__new__)
       11    0.000    0.000    0.000    0.000 {built-in method __new__ of type object at 0x10087f7d8}
       13    0.000    0.000    0.000    0.000 sre_compile.py:256(_optimize_charset)
     29/6    0.000    0.000    0.003    0.001 sre_parse.py:310(_parse_sub)
      259    0.000    0.000    0.000    0.000 {isinstance}
      642    0.000    0.000    0.000    0.000 {method 'append' of 'list' objects}
        6    0.000    0.000    0.005    0.001 re.py:230(_compile)
      219    0.000    0.000    0.000    0.000 {getattr}
      9/5    0.000    0.000    0.000    0.000 abc.py:148(__subclasscheck__)
      189    0.000    0.000    0.000    0.000 sre_parse.py:204(match)
        6    0.000    0.000    0.000    0.000 sre_compile.py:433(_compile_info)
       14    0.000    0.000    0.000    0.000 sre_parse.py:225(isname)
       91    0.000    0.000    0.000    0.000 sre_parse.py:147(append)
        3    0.000    0.000    0.000    0.000 decimal.py:3783(__init__)
        6    0.000    0.000    0.004    0.001 sre_compile.py:567(compile)
       13    0.000    0.000    0.000    0.000 sre_compile.py:228(_compile_charset)
       21    0.000    0.000    0.000    0.000 _weakrefset.py:36(__init__)
       98    0.000    0.000    0.000    0.000 sre_parse.py:135(__len__)
        6    0.000    0.000    0.003    0.001 sre_parse.py:686(parse)
       58    0.000    0.000    0.000    0.000 sre_parse.py:90(__init__)
        1    0.000    0.000    0.000    0.000 __future__.py:48(<module>)
        1    0.000    0.000    0.000    0.000 {binascii.hexlify}
        6    0.000    0.000    0.000    0.000 decimal.py:514(__new__)
       18    0.000    0.000    0.000    0.000 sre_parse.py:72(opengroup)
       14    0.000    0.000    0.000    0.000 _weakrefset.py:58(__iter__)
       46    0.000    0.000    0.000    0.000 abc.py:89(<genexpr>)
        6    0.000    0.000    0.001    0.000 sre_compile.py:552(_code)
       22    0.000    0.000    0.000    0.000 sre_compile.py:428(_simple)
      111    0.000    0.000    0.000    0.000 {min}
        2    0.000    0.000    0.000    0.000 sre_compile.py:411(_mk_bitmap)
        1    0.000    0.000    0.000    0.000 decimal.py:3764(Context)
        1    0.000    0.000    0.001    0.001 random.py:100(seed)
       82    0.000    0.000    0.000    0.000 sre_parse.py:219(isident)
       34    0.000    0.000    0.000    0.000 collections.py:332(<genexpr>)
        2    0.000    0.000    0.000    0.000 threading.py:260(__init__)
       31    0.000    0.000    0.000    0.000 {_sre.getlower}
        5    0.000    0.000    0.000    0.000 abc.py:105(register)
       82    0.000    0.000    0.000    0.000 {method 'add' of 'set' objects}
    20/11    0.000    0.000    0.000    0.000 {issubclass}
       14    0.000    0.000    0.000    0.000 sre_parse.py:266(_escape)
        1    0.000    0.000    0.000    0.000 threading.py:640(Thread)
       27    0.000    0.000    0.000    0.000 decimal.py:3810(<genexpr>)
        1    0.000    0.000    0.000    0.000 numbers.py:34(Complex)
        6    0.000    0.000    0.005    0.001 re.py:192(compile)
        9    0.000    0.000    0.000    0.000 _weakrefset.py:26(__exit__)
       33    0.000    0.000    0.000    0.000 {method 'find' of 'bytearray' objects}
        1    0.000    0.000    0.000    0.000 random.py:72(Random)
       37    0.000    0.000    0.000    0.000 abc.py:15(abstractmethod)
        2    0.000    0.000    0.000    0.000 {math.log}
        6    0.000    0.000    0.000    0.000 hashlib.py:100(__get_openssl_constructor)
        1    0.000    0.000    0.000    0.000 {open}
        1    0.000    0.000    0.000    0.000 warnings.py:46(filterwarnings)
        1    0.000    0.000    0.000    0.000 collections.py:26(OrderedDict)
        6    0.000    0.000    0.000    0.000 {_sre.compile}
        1    0.000    0.000    0.000    0.000 {method 'close' of 'file' objects}
       18    0.000    0.000    0.000    0.000 sre_parse.py:83(closegroup)
       12    0.000    0.000    0.000    0.000 sre_compile.py:546(isstring)
       12    0.000    0.000    0.000    0.000 _weakrefset.py:70(__contains__)
       14    0.000    0.000    0.000    0.000 _weakrefset.py:83(add)
       27    0.000    0.000    0.000    0.000 decimal.py:3817(<genexpr>)
        1    0.000    0.000    0.000    0.000 numbers.py:295(Integral)
        9    0.000    0.000    0.000    0.000 _weakrefset.py:20(__enter__)
        1    0.000    0.000    0.000    0.000 <string>:1(DecimalTuple)
        3    0.000    0.000    0.000    0.000 {method 'match' of '_sre.SRE_Pattern' objects}
        1    0.000    0.000    0.000    0.000 threading.py:656(__init__)
       11    0.000    0.000    0.000    0.000 {method 'items' of 'dict' objects}
        1    0.000    0.000    0.000    0.000 keyword.py:11(<module>)
       64    0.000    0.000    0.000    0.000 {ord}
       22    0.000    0.000    0.000    0.000 sre_parse.py:143(__setitem__)
        1    0.000    0.000    0.000    0.000 collections.py:390(Counter)
        1    0.000    0.000    0.000    0.000 threading.py:1090(__init__)
        6    0.000    0.000    0.000    0.000 sre_parse.py:187(__init__)
        1    0.000    0.000    0.000    0.000 numbers.py:169(Real)
        1    0.000    0.000    0.000    0.000 numbers.py:270(Rational)
        6    0.000    0.000    0.000    0.000 {method 'extend' of 'list' objects}
        1    0.000    0.000    0.000    0.000 {math.exp}
       33    0.000    0.000    0.000    0.000 {method 'get' of 'dict' objects}
        1    0.000    0.000    0.000    0.000 {repr}
        6    0.000    0.000    0.000    0.000 sre_parse.py:67(__init__)
        9    0.000    0.000    0.000    0.000 _weakrefset.py:52(_commit_removals)
        9    0.000    0.000    0.000    0.000 _weakrefset.py:16(__init__)
        1    0.000    0.000    0.000    0.000 threading.py:255(_Condition)
        1    0.000    0.000    0.000    0.000 threading.py:576(set)
        7    0.000    0.000    0.000    0.000 __future__.py:75(__init__)
       10    0.000    0.000    0.000    0.000 {method 'group' of '_sre.SRE_Match' objects}
        4    0.000    0.000    0.000    0.000 {all}
        3    0.000    0.000    0.000    0.000 {thread.allocate_lock}
       18    0.000    0.000    0.000    0.000 {method 'remove' of 'list' objects}
        2    0.000    0.000    0.000    0.000 threading.py:242(Condition)
        1    0.000    0.000    0.000    0.000 threading.py:542(Event)
        4    0.000    0.000    0.000    0.000 threading.py:59(__init__)
       30    0.000    0.000    0.000    0.000 {method 'isalnum' of 'str' objects}
        1    0.000    0.000    0.000    0.000 threading.py:373(notify)
        4    0.000    0.000    0.000    0.000 sre_compile.py:101(fixup)
        1    0.000    0.000    0.001    0.001 random.py:91(__init__)
        1    0.000    0.000    0.000    0.000 {method 'union' of 'set' objects}
        4    0.000    0.000    0.000    0.000 collections.py:356(<genexpr>)
        9    0.000    0.000    0.000    0.000 {method '__subclasses__' of 'type' objects}
        2    0.000    0.000    0.000    0.000 {method 'replace' of 'str' objects}
        1    0.000    0.000    0.000    0.000 random.py:655(WichmannHill)
        1    0.000    0.000    0.000    0.000 threading.py:552(_Event)
        1    0.000    0.000    0.000    0.000 threading.py:125(_RLock)
        1    0.000    0.000    0.000    0.000 threading.py:561(__init__)
        4    0.000    0.000    0.000    0.000 collections.py:358(<genexpr>)
        1    0.000    0.000    0.000    0.000 threading.py:1058(_Timer)
        1    0.000    0.000    0.000    0.000 {_hashlib.openssl_md5}
        1    0.000    0.000    0.000    0.000 decimal.py:5673(_Log10Memoize)
        1    0.000    0.000    0.000    0.000 random.py:805(SystemRandom)
        1    0.000    0.000    0.000    0.000 threading.py:400(notifyAll)
        2    0.000    0.000    0.000    0.000 {method 'acquire' of 'thread.lock' objects}
        1    0.000    0.000    0.000    0.000 {hasattr}
        1    0.000    0.000    0.000    0.000 __future__.py:74(_Feature)
        1    0.000    0.000    0.000    0.000 threading.py:423(_Semaphore)
        2    0.000    0.000    0.000    0.000 {method 'setter' of 'property' objects}
        1    0.000    0.000    0.000    0.000 threading.py:789(_set_ident)
        1    0.000    0.000    0.000    0.000 decimal.py:310(Subnormal)
        1    0.000    0.000    0.000    0.000 {method 'lstrip' of 'str' objects}
        1    0.000    0.000    0.000    0.000 decimal.py:284(InvalidContext)
        1    0.000    0.000    0.000    0.000 numbers.py:13(Number)
        1    0.000    0.000    0.000    0.000 decimal.py:3749(_ContextManager)
        1    0.000    0.000    0.000    0.000 threading.py:1128(_DummyThread)
        1    0.000    0.000    0.000    0.000 decimal.py:234(DivisionByZero)
        1    0.000    0.000    0.000    0.000 decimal.py:160(DecimalException)
        1    0.000    0.000    0.000    0.000 {sys._getframe}
        1    0.000    0.000    0.000    0.000 decimal.py:224(ConversionSyntax)
        1    0.000    0.000    0.000    0.000 {_hashlib.openssl_sha1}
        2    0.000    0.000    0.000    0.000 {thread.get_ident}
        1    0.000    0.000    0.000    0.000 threading.py:57(_Verbose)
        1    0.000    0.000    0.000    0.000 decimal.py:321(Overflow)
        1    0.000    0.000    0.000    0.000 decimal.py:5677(__init__)
        1    0.000    0.000    0.000    0.000 {_hashlib.openssl_sha384}
        5    0.000    0.000    0.000    0.000 {max}
        1    0.000    0.000    0.000    0.000 threading.py:515(_BoundedSemaphore)
        1    0.000    0.000    0.000    0.000 threading.py:300(_is_owned)
        1    0.000    0.000    0.000    0.000 threading.py:1088(_MainThread)
        1    0.000    0.000    0.000    0.000 {method 'insert' of 'list' objects}
        1    0.000    0.000    0.000    0.000 threading.py:1097(_set_daemon)
        4    0.000    0.000    0.000    0.000 {method '__contains__' of 'frozenset' objects}
        1    0.000    0.000    0.000    0.000 {_hashlib.openssl_sha224}
        1    0.000    0.000    0.000    0.000 decimal.py:250(DivisionImpossible)
        1    0.000    0.000    0.000    0.000 decimal.py:5419(_WorkRep)
        9    0.000    0.000    0.000    0.000 {method 'remove' of 'set' objects}
        3    0.000    0.000    0.000    0.000 {abs}
        1    0.000    0.000    0.000    0.000 decimal.py:261(DivisionUndefined)
        3    0.000    0.000    0.000    0.000 {method 'startswith' of 'str' objects}
        1    0.000    0.000    0.000    0.000 {_hashlib.openssl_sha256}
        1    0.000    0.000    0.000    0.000 decimal.py:359(Underflow)
        1    0.000    0.000    0.000    0.000 threading.py:64(_note)
        6    0.000    0.000    0.000    0.000 {globals}
        1    0.000    0.000    0.000    0.000 <string>:1(<module>)
        9    0.000    0.000    0.000    0.000 {method '__subclasshook__' of 'object' objects}
        1    0.000    0.000    0.000    0.000 decimal.py:183(Clamped)
        4    0.000    0.000    0.000    0.000 {method 'isdigit' of 'str' objects}
        1    0.000    0.000    0.000    0.000 {_hashlib.openssl_sha512}
        1    0.000    0.000    0.000    0.000 decimal.py:272(Inexact)
        1    0.000    0.000    0.000    0.000 decimal.py:298(Rounded)
        2    0.000    0.000    0.000    0.000 {method 'translate' of 'str' objects}
        1    0.000    0.000    0.000    0.000 {method 'release' of 'thread.lock' objects}
        1    0.000    0.000    0.000    0.000 {math.sqrt}
        1    0.000    0.000    0.000    0.000 {method 'disable' of '_lsprof.Profiler' objects}


